<?xml version="1.0" encoding="UTF-8"?>
<!-- Generated by org.testng.reporters.JUnitReportReporter -->
<testsuite skipped="0" hostname="LAPTOP-U4UK6RF1" name="com.testcases.TC_01" tests="5" failures="0" timestamp="2022-09-15T11:43:15 IST" time="20.345" errors="0">
  <testcase name="userLogin" time="4.378" classname="com.testcases.TC_01"/>
  <system-out/>
  <testcase name="validateUserCredentials" time="8.199" classname="com.testcases.TC_01"/>
  <system-out/>
  <testcase name="validateUserCredentials" time="3.077" classname="com.testcases.TC_01"/>
  <system-out/>
  <testcase name="validateUserCredentials" time="4.141" classname="com.testcases.TC_01"/>
  <system-out/>
  <testcase name="validateEmailId" time="0.550" classname="com.testcases.TC_01"/>
  <system-out/>
</testsuite> <!-- com.testcases.TC_01 -->
